0 0 0 
0 0 0 
0 0 0 
depth: 4
depth: 5
depth: 6
depth: 7
depth: 8
depth: 9
Time is up
0 0 0 
0 0 0 
0 0 0 
0 0 0 
0 0 0 
0 0 0 
depth: 4
depth: 5
depth: 6
depth: 7
depth: 8
depth: 9
Time is up
0 0 0 
0 0 0 
0 0 0 
0 0 0 
0 0 0 
0 0 0 
depth: 4
depth: 5
depth: 6
depth: 7
depth: 8
Time is up
0 0 0 
0 0 0 
0 0 0 
0 0 0 
0 0 0 
0 0 0 
depth: 4
depth: 5
depth: 6
depth: 7
depth: 8
depth: 9
Time is up
0 0 0 
0 0 0 
0 0 0 
0 0 0 
0 0 0 
0 0 0 
depth: 4
depth: 5
depth: 6
depth: 7
Time is up
0 0 0 
0 0 0 
0 0 0 
2 0 0 
0 0 0 
0 0 0 
depth: 4
depth: 5
depth: 6
Time is up
2 0 0 
0 0 0 
0 0 0 
2 0 0 
0 0 0 
0 0 0 
depth: 4
depth: 5
depth: 6
depth: 7
Time is up
2 0 0 
0 0 0 
0 0 0 
2 0 0 
0 0 0 
0 0 0 
depth: 4
depth: 5
depth: 6
depth: 7
Time is up
2 0 0 
0 0 0 
0 0 0 
2 0 0 
0 0 0 
0 0 0 
depth: 4
depth: 5
depth: 6
depth: 7
depth: 8
Time is up
2 0 0 
0 0 0 
0 0 0 
2 0 0 
0 0 0 
0 0 0 
depth: 4
depth: 5
depth: 6
depth: 7
depth: 8
Time is up
2 0 0 
0 0 0 
0 0 0 
2 0 0 
0 0 0 
0 0 0 
depth: 4
depth: 5
depth: 6
depth: 7
Time is up
2 0 0 
0 0 0 
0 0 0 
2 2 0 
0 0 0 
0 0 0 
depth: 4
depth: 5
depth: 6
Time is up
2 2 0 
0 0 0 
0 0 0 
2 2 0 
0 0 0 
0 0 0 
depth: 4
depth: 5
depth: 6
depth: 7
depth: 8
Time is up
2 2 0 
0 0 0 
0 0 0 
2 2 0 
0 0 0 
0 0 0 
depth: 4
depth: 5
depth: 6
depth: 7
depth: 8
Time is up
2 2 0 
0 0 0 
0 0 0 
2 2 0 
0 0 0 
0 0 0 
depth: 4
depth: 5
depth: 6
depth: 7
Time is up
2 2 0 
0 0 0 
0 0 0 
2 2 0 
0 0 0 
0 0 0 
depth: 4
depth: 5
depth: 6
depth: 7
depth: 8
Time is up
2 2 0 
0 0 0 
0 0 0 
2 2 0 
0 0 0 
0 0 0 
depth: 4
depth: 5
depth: 6
depth: 7
depth: 8
Time is up
2 2 0 
0 0 0 
0 0 0 
2 2 0 
0 0 0 
0 0 0 
depth: 4
depth: 5
depth: 6
depth: 7
depth: 8
Time is up
2 2 0 
0 0 0 
0 0 0 
2 2 0 
2 0 0 
0 0 0 
depth: 4
depth: 5
depth: 6
depth: 7
depth: 8
Time is up
2 2 0 
2 0 0 
0 0 0 
2 2 0 
2 0 0 
0 0 0 
depth: 4
depth: 5
depth: 6
depth: 7
depth: 8
Time is up
2 2 0 
2 0 0 
0 0 0 
2 2 0 
2 2 0 
0 0 0 
depth: 4
depth: 5
depth: 6
depth: 7
depth: 8
Time is up
2 2 0 
2 2 0 
0 0 0 
2 2 0 
2 2 1 
0 0 0 
depth: 4
depth: 5
depth: 6
depth: 7
2 2 0 
2 2 1 
0 0 0 
2 2 0 
2 2 1 
0 0 0 
depth: 4
2 2 0 
2 2 1 
0 0 0 
2 2 2 
2 2 1 
0 0 0 
depth: 4
2 2 2 
2 2 1 
0 0 0 
2 2 2 
2 2 1 
0 0 0 
depth: 4
2 2 2 
2 2 1 
0 0 0 
2 2 2 
2 2 1 
0 0 0 
depth: 4
2 2 2 
2 2 1 
0 0 0 
2 2 2 
2 2 1 
0 0 0 
depth: 4
2 2 2 
2 2 1 
0 0 0 
2 2 2 
2 2 1 
0 0 0 
depth: 4
2 2 2 
2 2 1 
0 0 0 
2 2 2 
2 2 1 
0 0 0 
depth: 4
2 2 2 
2 2 1 
0 0 0 
2 2 2 
2 2 1 
0 0 0 
depth: 4
2 2 2 
2 2 1 
0 0 0 
2 2 2 
2 2 1 
0 0 0 
depth: 4
2 2 2 
2 2 1 
0 0 0 
2 2 2 
2 2 1 
0 0 0 
depth: 4
2 2 2 
2 2 1 
0 0 0 
2 2 2 
2 2 1 
0 0 0 
depth: 4
2 2 2 
2 2 1 
0 0 0 
2 2 2 
2 2 1 
0 0 0 
depth: 4
2 2 2 
2 2 1 
0 0 0 
2 2 2 
2 2 1 
0 0 0 
depth: 4
2 2 2 
2 2 1 
0 0 0 
2 2 2 
2 2 1 
0 0 0 
depth: 4
2 2 2 
2 2 1 
0 0 0 
2 2 2 
2 2 1 
0 0 0 
depth: 4
2 2 2 
2 2 1 
0 0 0 
2 2 2 
2 2 1 
0 0 0 
depth: 4
2 2 2 
2 2 